2022-05-17 14:01:53,027 [INFO]  
========== start: fit model
2022-05-17 14:01:53,027 [WARNING]  Already bound, ignoring bind()
2022-05-17 14:01:54,634 [INFO]  Epoch[0] Batch [0-2586]	Speed: 25793.52 samples/sec	cross-entropy=75.115804	br_stddev_amt_credit_sum_overdue-accuracy=0.000000
2022-05-17 14:01:56,291 [INFO]  Epoch[0] Train-cross-entropy=43.015282
2022-05-17 14:01:56,291 [INFO]  Epoch[0] Train-br_stddev_amt_credit_sum_overdue-accuracy=0.000000
2022-05-17 14:01:56,291 [INFO]  Epoch[0] Time cost=3.263
2022-05-17 14:01:56,296 [INFO]  Saved checkpoint to ".\br_stddev_amt_credit_sum_overdue\model-0000.params"
2022-05-17 14:01:56,516 [INFO]  Epoch[0] Validation-cross-entropy=16.049563
2022-05-17 14:01:56,516 [INFO]  Epoch[0] Validation-br_stddev_amt_credit_sum_overdue-accuracy=0.000000
2022-05-17 14:01:58,213 [INFO]  Epoch[1] Batch [0-2586]	Speed: 24415.59 samples/sec	cross-entropy=139.500199	br_stddev_amt_credit_sum_overdue-accuracy=0.000000
2022-05-17 14:02:00,122 [INFO]  Epoch[1] Train-cross-entropy=65.164867
2022-05-17 14:02:00,123 [INFO]  Epoch[1] Train-br_stddev_amt_credit_sum_overdue-accuracy=0.000000
2022-05-17 14:02:00,123 [INFO]  Epoch[1] Time cost=3.606
2022-05-17 14:02:00,126 [INFO]  Saved checkpoint to ".\br_stddev_amt_credit_sum_overdue\model-0001.params"
2022-05-17 14:02:00,331 [INFO]  Epoch[1] Validation-cross-entropy=21.026711
2022-05-17 14:02:00,331 [INFO]  Epoch[1] Validation-br_stddev_amt_credit_sum_overdue-accuracy=0.000000
2022-05-17 14:02:02,085 [INFO]  Epoch[2] Batch [0-2586]	Speed: 23610.61 samples/sec	cross-entropy=1243.088741	br_stddev_amt_credit_sum_overdue-accuracy=0.000000
2022-05-17 14:02:03,842 [INFO]  Epoch[2] Train-cross-entropy=69.662754
2022-05-17 14:02:03,842 [INFO]  Epoch[2] Train-br_stddev_amt_credit_sum_overdue-accuracy=0.000000
2022-05-17 14:02:03,842 [INFO]  Epoch[2] Time cost=3.511
2022-05-17 14:02:03,846 [INFO]  Saved checkpoint to ".\br_stddev_amt_credit_sum_overdue\model-0002.params"
2022-05-17 14:02:04,025 [INFO]  Epoch[2] Validation-cross-entropy=61.318293
2022-05-17 14:02:04,025 [INFO]  Epoch[2] Validation-br_stddev_amt_credit_sum_overdue-accuracy=0.000000
2022-05-17 14:02:05,750 [INFO]  Epoch[3] Batch [0-2586]	Speed: 24006.48 samples/sec	cross-entropy=518.144629	br_stddev_amt_credit_sum_overdue-accuracy=0.000000
2022-05-17 14:02:07,507 [INFO]  Epoch[3] Train-cross-entropy=265.220612
2022-05-17 14:02:07,507 [INFO]  Epoch[3] Train-br_stddev_amt_credit_sum_overdue-accuracy=0.000000
2022-05-17 14:02:07,507 [INFO]  Epoch[3] Time cost=3.481
2022-05-17 14:02:07,510 [INFO]  Saved checkpoint to ".\br_stddev_amt_credit_sum_overdue\model-0003.params"
2022-05-17 14:02:07,714 [INFO]  Epoch[3] Validation-cross-entropy=260.546467
2022-05-17 14:02:07,714 [INFO]  Epoch[3] Validation-br_stddev_amt_credit_sum_overdue-accuracy=0.000000
2022-05-17 14:02:09,459 [INFO]  Epoch[4] Batch [0-2586]	Speed: 23732.02 samples/sec	cross-entropy=459.331526	br_stddev_amt_credit_sum_overdue-accuracy=0.000000
2022-05-17 14:02:11,237 [INFO]  Epoch[4] Train-cross-entropy=344.538464
2022-05-17 14:02:11,237 [INFO]  Epoch[4] Train-br_stddev_amt_credit_sum_overdue-accuracy=0.000000
2022-05-17 14:02:11,237 [INFO]  Epoch[4] Time cost=3.523
2022-05-17 14:02:11,240 [INFO]  Saved checkpoint to ".\br_stddev_amt_credit_sum_overdue\model-0004.params"
2022-05-17 14:02:11,436 [INFO]  Epoch[4] Validation-cross-entropy=325.785776
2022-05-17 14:02:11,436 [INFO]  Epoch[4] Validation-br_stddev_amt_credit_sum_overdue-accuracy=0.000000
2022-05-17 14:02:13,230 [INFO]  Epoch[5] Batch [0-2586]	Speed: 23088.90 samples/sec	cross-entropy=511.787677	br_stddev_amt_credit_sum_overdue-accuracy=0.000000
2022-05-17 14:02:15,074 [INFO]  Epoch[5] Train-cross-entropy=1087.849288
2022-05-17 14:02:15,075 [INFO]  Epoch[5] Train-br_stddev_amt_credit_sum_overdue-accuracy=0.000000
2022-05-17 14:02:15,075 [INFO]  Epoch[5] Time cost=3.639
2022-05-17 14:02:15,077 [INFO]  Saved checkpoint to ".\br_stddev_amt_credit_sum_overdue\model-0005.params"
2022-05-17 14:02:15,276 [INFO]  Epoch[5] Validation-cross-entropy=530.855858
2022-05-17 14:02:15,277 [INFO]  Epoch[5] Validation-br_stddev_amt_credit_sum_overdue-accuracy=0.000000
2022-05-17 14:02:17,127 [INFO]  Epoch[6] Batch [0-2586]	Speed: 22370.22 samples/sec	cross-entropy=2055.107166	br_stddev_amt_credit_sum_overdue-accuracy=0.000000
2022-05-17 14:02:18,866 [INFO]  Epoch[6] Train-cross-entropy=168.280542
2022-05-17 14:02:18,866 [INFO]  Epoch[6] Train-br_stddev_amt_credit_sum_overdue-accuracy=0.000000
2022-05-17 14:02:18,866 [INFO]  Epoch[6] Time cost=3.590
2022-05-17 14:02:18,869 [INFO]  Saved checkpoint to ".\br_stddev_amt_credit_sum_overdue\model-0006.params"
2022-05-17 14:02:19,051 [INFO]  Epoch[6] Validation-cross-entropy=470.826901
2022-05-17 14:02:19,051 [INFO]  Epoch[6] Validation-br_stddev_amt_credit_sum_overdue-accuracy=0.000000
2022-05-17 14:02:20,810 [INFO]  Epoch[7] Batch [0-2586]	Speed: 23531.33 samples/sec	cross-entropy=1242.863173	br_stddev_amt_credit_sum_overdue-accuracy=0.000000
2022-05-17 14:02:22,545 [INFO]  Epoch[7] Train-cross-entropy=1640.171948
2022-05-17 14:02:22,546 [INFO]  Epoch[7] Train-br_stddev_amt_credit_sum_overdue-accuracy=0.000000
2022-05-17 14:02:22,546 [INFO]  Epoch[7] Time cost=3.495
2022-05-17 14:02:22,548 [INFO]  Saved checkpoint to ".\br_stddev_amt_credit_sum_overdue\model-0007.params"
2022-05-17 14:02:22,752 [INFO]  Epoch[7] Validation-cross-entropy=626.154864
2022-05-17 14:02:22,752 [INFO]  Epoch[7] Validation-br_stddev_amt_credit_sum_overdue-accuracy=0.000000
2022-05-17 14:02:24,516 [INFO]  Epoch[8] Batch [0-2586]	Speed: 23472.41 samples/sec	cross-entropy=2689.743668	br_stddev_amt_credit_sum_overdue-accuracy=0.000000
2022-05-17 14:02:26,428 [INFO]  Epoch[8] Train-cross-entropy=838.756611
2022-05-17 14:02:26,428 [INFO]  Epoch[8] Train-br_stddev_amt_credit_sum_overdue-accuracy=0.000000
2022-05-17 14:02:26,428 [INFO]  Epoch[8] Time cost=3.676
2022-05-17 14:02:26,431 [INFO]  Saved checkpoint to ".\br_stddev_amt_credit_sum_overdue\model-0008.params"
2022-05-17 14:02:26,638 [INFO]  Epoch[8] Validation-cross-entropy=832.783032
2022-05-17 14:02:26,638 [INFO]  Epoch[8] Validation-br_stddev_amt_credit_sum_overdue-accuracy=0.000000
2022-05-17 14:02:28,602 [INFO]  Epoch[9] Batch [0-2586]	Speed: 21083.85 samples/sec	cross-entropy=2594.309605	br_stddev_amt_credit_sum_overdue-accuracy=0.000000
2022-05-17 14:02:30,431 [INFO]  Epoch[9] Train-cross-entropy=3123.559974
2022-05-17 14:02:30,431 [INFO]  Epoch[9] Train-br_stddev_amt_credit_sum_overdue-accuracy=0.000000
2022-05-17 14:02:30,431 [INFO]  Epoch[9] Time cost=3.793
2022-05-17 14:02:30,434 [INFO]  Saved checkpoint to ".\br_stddev_amt_credit_sum_overdue\model-0009.params"
2022-05-17 14:02:30,628 [INFO]  Epoch[9] Validation-cross-entropy=937.674594
2022-05-17 14:02:30,628 [INFO]  Epoch[9] Validation-br_stddev_amt_credit_sum_overdue-accuracy=0.000000
2022-05-17 14:02:32,593 [INFO]  Epoch[10] Batch [0-2586]	Speed: 21070.88 samples/sec	cross-entropy=4389.722076	br_stddev_amt_credit_sum_overdue-accuracy=0.000000
2022-05-17 14:02:34,457 [INFO]  Epoch[10] Train-cross-entropy=1342.331924
2022-05-17 14:02:34,457 [INFO]  Epoch[10] Train-br_stddev_amt_credit_sum_overdue-accuracy=0.000000
2022-05-17 14:02:34,457 [INFO]  Epoch[10] Time cost=3.828
2022-05-17 14:02:34,461 [INFO]  Saved checkpoint to ".\br_stddev_amt_credit_sum_overdue\model-0010.params"
2022-05-17 14:02:34,655 [INFO]  Epoch[10] Validation-cross-entropy=849.392714
2022-05-17 14:02:34,655 [INFO]  Epoch[10] Validation-br_stddev_amt_credit_sum_overdue-accuracy=0.000000
2022-05-17 14:02:36,533 [INFO]  Epoch[11] Batch [0-2586]	Speed: 22048.28 samples/sec	cross-entropy=2525.031001	br_stddev_amt_credit_sum_overdue-accuracy=0.000000
2022-05-17 14:02:38,553 [INFO]  Epoch[11] Train-cross-entropy=2570.654057
2022-05-17 14:02:38,553 [INFO]  Epoch[11] Train-br_stddev_amt_credit_sum_overdue-accuracy=0.000000
2022-05-17 14:02:38,553 [INFO]  Epoch[11] Time cost=3.898
2022-05-17 14:02:38,556 [INFO]  Saved checkpoint to ".\br_stddev_amt_credit_sum_overdue\model-0011.params"
2022-05-17 14:02:38,775 [INFO]  Epoch[11] Validation-cross-entropy=1058.669533
2022-05-17 14:02:38,775 [INFO]  Epoch[11] Validation-br_stddev_amt_credit_sum_overdue-accuracy=0.000000
2022-05-17 14:02:40,815 [INFO]  Epoch[12] Batch [0-2586]	Speed: 20291.45 samples/sec	cross-entropy=2835.987851	br_stddev_amt_credit_sum_overdue-accuracy=0.000000
2022-05-17 14:02:42,918 [INFO]  Epoch[12] Train-cross-entropy=1068.689787
2022-05-17 14:02:42,919 [INFO]  Epoch[12] Train-br_stddev_amt_credit_sum_overdue-accuracy=0.000000
2022-05-17 14:02:42,919 [INFO]  Epoch[12] Time cost=4.144
2022-05-17 14:02:42,921 [INFO]  Saved checkpoint to ".\br_stddev_amt_credit_sum_overdue\model-0012.params"
2022-05-17 14:02:43,154 [INFO]  Epoch[12] Validation-cross-entropy=1109.275332
2022-05-17 14:02:43,154 [INFO]  Epoch[12] Validation-br_stddev_amt_credit_sum_overdue-accuracy=0.000000
2022-05-17 14:02:45,348 [INFO]  Epoch[13] Batch [0-2586]	Speed: 18875.94 samples/sec	cross-entropy=2400.786237	br_stddev_amt_credit_sum_overdue-accuracy=0.000000
2022-05-17 14:02:47,580 [INFO]  Epoch[13] Train-cross-entropy=4063.519261
2022-05-17 14:02:47,581 [INFO]  Epoch[13] Train-br_stddev_amt_credit_sum_overdue-accuracy=0.000000
2022-05-17 14:02:47,581 [INFO]  Epoch[13] Time cost=4.426
2022-05-17 14:02:47,584 [INFO]  Saved checkpoint to ".\br_stddev_amt_credit_sum_overdue\model-0013.params"
2022-05-17 14:02:47,866 [INFO]  Epoch[13] Validation-cross-entropy=1130.706977
2022-05-17 14:02:47,866 [INFO]  Epoch[13] Validation-br_stddev_amt_credit_sum_overdue-accuracy=0.000000
2022-05-17 14:02:50,146 [INFO]  Epoch[14] Batch [0-2586]	Speed: 18158.67 samples/sec	cross-entropy=2724.458067	br_stddev_amt_credit_sum_overdue-accuracy=0.000000
2022-05-17 14:02:52,400 [INFO]  Epoch[14] Train-cross-entropy=464.769895
2022-05-17 14:02:52,400 [INFO]  Epoch[14] Train-br_stddev_amt_credit_sum_overdue-accuracy=0.000000
2022-05-17 14:02:52,400 [INFO]  Epoch[14] Time cost=4.534
2022-05-17 14:02:52,404 [INFO]  Saved checkpoint to ".\br_stddev_amt_credit_sum_overdue\model-0014.params"
2022-05-17 14:02:52,619 [INFO]  Epoch[14] Validation-cross-entropy=1024.501148
2022-05-17 14:02:52,619 [INFO]  Epoch[14] Validation-br_stddev_amt_credit_sum_overdue-accuracy=0.000000
2022-05-17 14:02:54,744 [INFO]  Epoch[15] Batch [0-2586]	Speed: 19490.78 samples/sec	cross-entropy=4103.468072	br_stddev_amt_credit_sum_overdue-accuracy=0.000000
2022-05-17 14:02:57,008 [INFO]  Epoch[15] Train-cross-entropy=4144.361597
2022-05-17 14:02:57,008 [INFO]  Epoch[15] Train-br_stddev_amt_credit_sum_overdue-accuracy=0.000000
2022-05-17 14:02:57,008 [INFO]  Epoch[15] Time cost=4.389
2022-05-17 14:02:57,013 [INFO]  Saved checkpoint to ".\br_stddev_amt_credit_sum_overdue\model-0015.params"
2022-05-17 14:02:57,229 [INFO]  Epoch[15] Validation-cross-entropy=926.616841
2022-05-17 14:02:57,229 [INFO]  Epoch[15] Validation-br_stddev_amt_credit_sum_overdue-accuracy=0.000000
2022-05-17 14:02:59,482 [INFO]  Epoch[16] Batch [0-2586]	Speed: 18376.89 samples/sec	cross-entropy=2414.827324	br_stddev_amt_credit_sum_overdue-accuracy=0.000000
2022-05-17 14:03:01,712 [INFO]  Epoch[16] Train-cross-entropy=104.271459
2022-05-17 14:03:01,712 [INFO]  Epoch[16] Train-br_stddev_amt_credit_sum_overdue-accuracy=0.000000
2022-05-17 14:03:01,712 [INFO]  Epoch[16] Time cost=4.483
2022-05-17 14:03:01,715 [INFO]  Saved checkpoint to ".\br_stddev_amt_credit_sum_overdue\model-0016.params"
2022-05-17 14:03:01,987 [INFO]  Epoch[16] Validation-cross-entropy=629.269091
2022-05-17 14:03:01,987 [INFO]  Epoch[16] Validation-br_stddev_amt_credit_sum_overdue-accuracy=0.000000
2022-05-17 14:03:04,556 [INFO]  Epoch[17] Batch [0-2586]	Speed: 16112.60 samples/sec	cross-entropy=2594.029770	br_stddev_amt_credit_sum_overdue-accuracy=0.000000
2022-05-17 14:03:06,887 [INFO]  Epoch[17] Train-cross-entropy=4943.101504
2022-05-17 14:03:06,887 [INFO]  Epoch[17] Train-br_stddev_amt_credit_sum_overdue-accuracy=0.000000
2022-05-17 14:03:06,887 [INFO]  Epoch[17] Time cost=4.900
2022-05-17 14:03:06,890 [INFO]  Saved checkpoint to ".\br_stddev_amt_credit_sum_overdue\model-0017.params"
2022-05-17 14:03:07,167 [INFO]  Epoch[17] Validation-cross-entropy=1034.587764
2022-05-17 14:03:07,167 [INFO]  Epoch[17] Validation-br_stddev_amt_credit_sum_overdue-accuracy=0.000000
2022-05-17 14:03:09,633 [INFO]  Epoch[18] Batch [0-2586]	Speed: 16785.81 samples/sec	cross-entropy=1502.748749	br_stddev_amt_credit_sum_overdue-accuracy=0.000000
2022-05-17 14:03:11,296 [INFO]  
========== done (78.26972031593323 s) fit model
